Build started 5/1/2019 6:29:42 PM.
     1>Project "E:\Program\Data Structure\LinkedListUsingTemplate\LinkedListUsingTemplate\LinkedListUsingTemplate.vcxproj" on node 2 (Build target(s)).
     1>ClCompile:
         C:\Program Files (x86)\Microsoft Visual Studio 12.0\VC\bin\CL.exe /c /ZI /nologo /W3 /WX- /Od /Oy- /D WIN32 /D _DEBUG /D _CONSOLE /D _LIB /D _UNICODE /D UNICODE /Gm /EHsc /RTC1 /MDd /GS /fp:precise /Zc:wchar_t /Zc:forScope /Fo"Debug\\" /Fd"Debug\vc120.pdb" /Gd /TP /analyze- /errorReport:prompt Source.cpp
         Source.cpp
     1>e:\program\data structure\linkedlistusingtemplate\linkedlistusingtemplate\source.cpp(73): warning C4553: '==' : operator has no effect; did you intend '='?
                 e:\program\data structure\linkedlistusingtemplate\linkedlistusingtemplate\source.cpp(64) : while compiling class template member function 'void SLL<int>::insertAtBegin(T)'
                 with
                 [
                     T=int
                 ]
                 e:\program\data structure\linkedlistusingtemplate\linkedlistusingtemplate\source.cpp(170) : see reference to function template instantiation 'void SLL<int>::insertAtBegin(T)' being compiled
                 with
                 [
                     T=int
                 ]
                 e:\program\data structure\linkedlistusingtemplate\linkedlistusingtemplate\source.cpp(159) : see reference to class template instantiation 'SLL<int>' being compiled
     1>e:\program\data structure\linkedlistusingtemplate\linkedlistusingtemplate\source.cpp(94): warning C4715: 'SLL<int>::removeFrombegin' : not all control paths return a value
       Link:
         C:\Program Files (x86)\Microsoft Visual Studio 12.0\VC\bin\link.exe /ERRORREPORT:PROMPT /OUT:"E:\Program\Data Structure\LinkedListUsingTemplate\Debug\LinkedListUsingTemplate.exe" /INCREMENTAL /NOLOGO kernel32.lib user32.lib gdi32.lib winspool.lib comdlg32.lib advapi32.lib shell32.lib ole32.lib oleaut32.lib uuid.lib odbc32.lib odbccp32.lib /MANIFEST /MANIFESTUAC:"level='asInvoker' uiAccess='false'" /manifest:embed /DEBUG /PDB:"E:\Program\Data Structure\LinkedListUsingTemplate\Debug\LinkedListUsingTemplate.pdb" /SUBSYSTEM:CONSOLE /TLBID:1 /DYNAMICBASE /NXCOMPAT /IMPLIB:"E:\Program\Data Structure\LinkedListUsingTemplate\Debug\LinkedListUsingTemplate.lib" /MACHINE:X86 Debug\Source.obj
         LinkedListUsingTemplate.vcxproj -> E:\Program\Data Structure\LinkedListUsingTemplate\Debug\LinkedListUsingTemplate.exe
     1>Done Building Project "E:\Program\Data Structure\LinkedListUsingTemplate\LinkedListUsingTemplate\LinkedListUsingTemplate.vcxproj" (Build target(s)).

Build succeeded.

Time Elapsed 00:00:01.94
