Build started 4/25/2019 10:01:43 AM.
     1>Project "E:\Program\Data Structure\linked_List\ComplexNumberLinkedList\ComplexNumberLinkedList\ComplexNumberLinkedList.vcxproj" on node 2 (Build target(s)).
     1>ClCompile:
         C:\Program Files (x86)\Microsoft Visual Studio 12.0\VC\bin\CL.exe /c /ZI /nologo /W3 /WX- /Od /Oy- /D WIN32 /D _DEBUG /D _CONSOLE /D _LIB /D _UNICODE /D UNICODE /Gm /EHsc /RTC1 /MDd /GS /fp:precise /Zc:wchar_t /Zc:forScope /Fo"Debug\\" /Fd"Debug\vc120.pdb" /Gd /TP /analyze- /errorReport:prompt Source.cpp
         Source.cpp
     1>e:\program\data structure\linked_list\complexnumberlinkedlist\complexnumberlinkedlist\source.cpp(57): error C2061: syntax error : identifier 'SLL'
     1>e:\program\data structure\linked_list\complexnumberlinkedlist\complexnumberlinkedlist\source.cpp(57): error C2805: binary 'operator <<' has too few parameters
     1>e:\program\data structure\linked_list\complexnumberlinkedlist\complexnumberlinkedlist\source.cpp(133): error C2679: binary '<<' : no operator found which takes a right-hand operand of type 'Complex' (or there is no acceptable conversion)
                 c:\program files (x86)\microsoft visual studio 12.0\vc\include\ostream(498): could be 'std::basic_ostream<char,std::char_traits<char>> &std::basic_ostream<char,std::char_traits<char>>::operator <<(std::basic_streambuf<char,std::char_traits<char>> *)'
                 c:\program files (x86)\microsoft visual studio 12.0\vc\include\ostream(478): or       'std::basic_ostream<char,std::char_traits<char>> &std::basic_ostream<char,std::char_traits<char>>::operator <<(const void *)'
                 c:\program files (x86)\microsoft visual studio 12.0\vc\include\ostream(458): or       'std::basic_ostream<char,std::char_traits<char>> &std::basic_ostream<char,std::char_traits<char>>::operator <<(long double)'
                 c:\program files (x86)\microsoft visual studio 12.0\vc\include\ostream(438): or       'std::basic_ostream<char,std::char_traits<char>> &std::basic_ostream<char,std::char_traits<char>>::operator <<(double)'
                 c:\program files (x86)\microsoft visual studio 12.0\vc\include\ostream(418): or       'std::basic_ostream<char,std::char_traits<char>> &std::basic_ostream<char,std::char_traits<char>>::operator <<(float)'
                 c:\program files (x86)\microsoft visual studio 12.0\vc\include\ostream(397): or       'std::basic_ostream<char,std::char_traits<char>> &std::basic_ostream<char,std::char_traits<char>>::operator <<(unsigned __int64)'
                 c:\program files (x86)\microsoft visual studio 12.0\vc\include\ostream(377): or       'std::basic_ostream<char,std::char_traits<char>> &std::basic_ostream<char,std::char_traits<char>>::operator <<(__int64)'
                 c:\program files (x86)\microsoft visual studio 12.0\vc\include\ostream(356): or       'std::basic_ostream<char,std::char_traits<char>> &std::basic_ostream<char,std::char_traits<char>>::operator <<(unsigned long)'
                 c:\program files (x86)\microsoft visual studio 12.0\vc\include\ostream(336): or       'std::basic_ostream<char,std::char_traits<char>> &std::basic_ostream<char,std::char_traits<char>>::operator <<(long)'
                 c:\program files (x86)\microsoft visual studio 12.0\vc\include\ostream(316): or       'std::basic_ostream<char,std::char_traits<char>> &std::basic_ostream<char,std::char_traits<char>>::operator <<(unsigned int)'
                 c:\program files (x86)\microsoft visual studio 12.0\vc\include\ostream(291): or       'std::basic_ostream<char,std::char_traits<char>> &std::basic_ostream<char,std::char_traits<char>>::operator <<(int)'
                 c:\program files (x86)\microsoft visual studio 12.0\vc\include\ostream(271): or       'std::basic_ostream<char,std::char_traits<char>> &std::basic_ostream<char,std::char_traits<char>>::operator <<(unsigned short)'
                 c:\program files (x86)\microsoft visual studio 12.0\vc\include\ostream(237): or       'std::basic_ostream<char,std::char_traits<char>> &std::basic_ostream<char,std::char_traits<char>>::operator <<(short)'
                 c:\program files (x86)\microsoft visual studio 12.0\vc\include\ostream(217): or       'std::basic_ostream<char,std::char_traits<char>> &std::basic_ostream<char,std::char_traits<char>>::operator <<(std::_Bool)'
                 c:\program files (x86)\microsoft visual studio 12.0\vc\include\ostream(210): or       'std::basic_ostream<char,std::char_traits<char>> &std::basic_ostream<char,std::char_traits<char>>::operator <<(std::ios_base &(__cdecl *)(std::ios_base &))'
                 c:\program files (x86)\microsoft visual studio 12.0\vc\include\ostream(203): or       'std::basic_ostream<char,std::char_traits<char>> &std::basic_ostream<char,std::char_traits<char>>::operator <<(std::basic_ios<char,std::char_traits<char>> &(__cdecl *)(std::basic_ios<char,std::char_traits<char>> &))'
                 c:\program files (x86)\microsoft visual studio 12.0\vc\include\ostream(197): or       'std::basic_ostream<char,std::char_traits<char>> &std::basic_ostream<char,std::char_traits<char>>::operator <<(std::basic_ostream<char,std::char_traits<char>> &(__cdecl *)(std::basic_ostream<char,std::char_traits<char>> &))'
                 c:\program files (x86)\microsoft visual studio 12.0\vc\include\ostream(1026): or       'std::basic_ostream<char,std::char_traits<char>> &std::operator <<<char,std::char_traits<char>>(std::basic_ostream<char,std::char_traits<char>> &,const std::error_code &)'
                 c:\program files (x86)\microsoft visual studio 12.0\vc\include\ostream(988): or       'std::basic_ostream<char,std::char_traits<char>> &std::operator <<<char,std::char_traits<char>,Complex>(std::basic_ostream<char,std::char_traits<char>> &&,const _Ty &)'
                 with
                 [
                     _Ty=Complex
                 ]
                 c:\program files (x86)\microsoft visual studio 12.0\vc\include\ostream(978): or       'std::basic_ostream<char,std::char_traits<char>> &std::operator <<<std::char_traits<char>>(std::basic_ostream<char,std::char_traits<char>> &,unsigned char)'
                 c:\program files (x86)\microsoft visual studio 12.0\vc\include\ostream(971): or       'std::basic_ostream<char,std::char_traits<char>> &std::operator <<<std::char_traits<char>>(std::basic_ostream<char,std::char_traits<char>> &,const unsigned char *)'
                 c:\program files (x86)\microsoft visual studio 12.0\vc\include\ostream(964): or       'std::basic_ostream<char,std::char_traits<char>> &std::operator <<<std::char_traits<char>>(std::basic_ostream<char,std::char_traits<char>> &,signed char)'
                 c:\program files (x86)\microsoft visual studio 12.0\vc\include\ostream(957): or       'std::basic_ostream<char,std::char_traits<char>> &std::operator <<<std::char_traits<char>>(std::basic_ostream<char,std::char_traits<char>> &,const signed char *)'
                 c:\program files (x86)\microsoft visual studio 12.0\vc\include\ostream(831): or       'std::basic_ostream<char,std::char_traits<char>> &std::operator <<<std::char_traits<char>>(std::basic_ostream<char,std::char_traits<char>> &,char)'
                 c:\program files (x86)\microsoft visual studio 12.0\vc\include\ostream(784): or       'std::basic_ostream<char,std::char_traits<char>> &std::operator <<<std::char_traits<char>>(std::basic_ostream<char,std::char_traits<char>> &,const char *)'
                 c:\program files (x86)\microsoft visual studio 12.0\vc\include\ostream(746): or       'std::basic_ostream<char,std::char_traits<char>> &std::operator <<<char,std::char_traits<char>>(std::basic_ostream<char,std::char_traits<char>> &,char)'
                 c:\program files (x86)\microsoft visual studio 12.0\vc\include\ostream(699): or       'std::basic_ostream<char,std::char_traits<char>> &std::operator <<<char,std::char_traits<char>>(std::basic_ostream<char,std::char_traits<char>> &,const char *)'
                 while trying to match the argument list '(std::ostream, Complex)'
     1>e:\program\data structure\linked_list\complexnumberlinkedlist\complexnumberlinkedlist\source.cpp(137): error C2679: binary '<<' : no operator found which takes a right-hand operand of type 'Complex' (or there is no acceptable conversion)
                 c:\program files (x86)\microsoft visual studio 12.0\vc\include\ostream(498): could be 'std::basic_ostream<char,std::char_traits<char>> &std::basic_ostream<char,std::char_traits<char>>::operator <<(std::basic_streambuf<char,std::char_traits<char>> *)'
                 c:\program files (x86)\microsoft visual studio 12.0\vc\include\ostream(478): or       'std::basic_ostream<char,std::char_traits<char>> &std::basic_ostream<char,std::char_traits<char>>::operator <<(const void *)'
                 c:\program files (x86)\microsoft visual studio 12.0\vc\include\ostream(458): or       'std::basic_ostream<char,std::char_traits<char>> &std::basic_ostream<char,std::char_traits<char>>::operator <<(long double)'
                 c:\program files (x86)\microsoft visual studio 12.0\vc\include\ostream(438): or       'std::basic_ostream<char,std::char_traits<char>> &std::basic_ostream<char,std::char_traits<char>>::operator <<(double)'
                 c:\program files (x86)\microsoft visual studio 12.0\vc\include\ostream(418): or       'std::basic_ostream<char,std::char_traits<char>> &std::basic_ostream<char,std::char_traits<char>>::operator <<(float)'
                 c:\program files (x86)\microsoft visual studio 12.0\vc\include\ostream(397): or       'std::basic_ostream<char,std::char_traits<char>> &std::basic_ostream<char,std::char_traits<char>>::operator <<(unsigned __int64)'
                 c:\program files (x86)\microsoft visual studio 12.0\vc\include\ostream(377): or       'std::basic_ostream<char,std::char_traits<char>> &std::basic_ostream<char,std::char_traits<char>>::operator <<(__int64)'
                 c:\program files (x86)\microsoft visual studio 12.0\vc\include\ostream(356): or       'std::basic_ostream<char,std::char_traits<char>> &std::basic_ostream<char,std::char_traits<char>>::operator <<(unsigned long)'
                 c:\program files (x86)\microsoft visual studio 12.0\vc\include\ostream(336): or       'std::basic_ostream<char,std::char_traits<char>> &std::basic_ostream<char,std::char_traits<char>>::operator <<(long)'
                 c:\program files (x86)\microsoft visual studio 12.0\vc\include\ostream(316): or       'std::basic_ostream<char,std::char_traits<char>> &std::basic_ostream<char,std::char_traits<char>>::operator <<(unsigned int)'
                 c:\program files (x86)\microsoft visual studio 12.0\vc\include\ostream(291): or       'std::basic_ostream<char,std::char_traits<char>> &std::basic_ostream<char,std::char_traits<char>>::operator <<(int)'
                 c:\program files (x86)\microsoft visual studio 12.0\vc\include\ostream(271): or       'std::basic_ostream<char,std::char_traits<char>> &std::basic_ostream<char,std::char_traits<char>>::operator <<(unsigned short)'
                 c:\program files (x86)\microsoft visual studio 12.0\vc\include\ostream(237): or       'std::basic_ostream<char,std::char_traits<char>> &std::basic_ostream<char,std::char_traits<char>>::operator <<(short)'
                 c:\program files (x86)\microsoft visual studio 12.0\vc\include\ostream(217): or       'std::basic_ostream<char,std::char_traits<char>> &std::basic_ostream<char,std::char_traits<char>>::operator <<(std::_Bool)'
                 c:\program files (x86)\microsoft visual studio 12.0\vc\include\ostream(210): or       'std::basic_ostream<char,std::char_traits<char>> &std::basic_ostream<char,std::char_traits<char>>::operator <<(std::ios_base &(__cdecl *)(std::ios_base &))'
                 c:\program files (x86)\microsoft visual studio 12.0\vc\include\ostream(203): or       'std::basic_ostream<char,std::char_traits<char>> &std::basic_ostream<char,std::char_traits<char>>::operator <<(std::basic_ios<char,std::char_traits<char>> &(__cdecl *)(std::basic_ios<char,std::char_traits<char>> &))'
                 c:\program files (x86)\microsoft visual studio 12.0\vc\include\ostream(197): or       'std::basic_ostream<char,std::char_traits<char>> &std::basic_ostream<char,std::char_traits<char>>::operator <<(std::basic_ostream<char,std::char_traits<char>> &(__cdecl *)(std::basic_ostream<char,std::char_traits<char>> &))'
                 c:\program files (x86)\microsoft visual studio 12.0\vc\include\ostream(1026): or       'std::basic_ostream<char,std::char_traits<char>> &std::operator <<<char,std::char_traits<char>>(std::basic_ostream<char,std::char_traits<char>> &,const std::error_code &)'
                 c:\program files (x86)\microsoft visual studio 12.0\vc\include\ostream(988): or       'std::basic_ostream<char,std::char_traits<char>> &std::operator <<<char,std::char_traits<char>,Complex>(std::basic_ostream<char,std::char_traits<char>> &&,const _Ty &)'
                 with
                 [
                     _Ty=Complex
                 ]
                 c:\program files (x86)\microsoft visual studio 12.0\vc\include\ostream(978): or       'std::basic_ostream<char,std::char_traits<char>> &std::operator <<<std::char_traits<char>>(std::basic_ostream<char,std::char_traits<char>> &,unsigned char)'
                 c:\program files (x86)\microsoft visual studio 12.0\vc\include\ostream(971): or       'std::basic_ostream<char,std::char_traits<char>> &std::operator <<<std::char_traits<char>>(std::basic_ostream<char,std::char_traits<char>> &,const unsigned char *)'
                 c:\program files (x86)\microsoft visual studio 12.0\vc\include\ostream(964): or       'std::basic_ostream<char,std::char_traits<char>> &std::operator <<<std::char_traits<char>>(std::basic_ostream<char,std::char_traits<char>> &,signed char)'
                 c:\program files (x86)\microsoft visual studio 12.0\vc\include\ostream(957): or       'std::basic_ostream<char,std::char_traits<char>> &std::operator <<<std::char_traits<char>>(std::basic_ostream<char,std::char_traits<char>> &,const signed char *)'
                 c:\program files (x86)\microsoft visual studio 12.0\vc\include\ostream(831): or       'std::basic_ostream<char,std::char_traits<char>> &std::operator <<<std::char_traits<char>>(std::basic_ostream<char,std::char_traits<char>> &,char)'
                 c:\program files (x86)\microsoft visual studio 12.0\vc\include\ostream(784): or       'std::basic_ostream<char,std::char_traits<char>> &std::operator <<<std::char_traits<char>>(std::basic_ostream<char,std::char_traits<char>> &,const char *)'
                 c:\program files (x86)\microsoft visual studio 12.0\vc\include\ostream(746): or       'std::basic_ostream<char,std::char_traits<char>> &std::operator <<<char,std::char_traits<char>>(std::basic_ostream<char,std::char_traits<char>> &,char)'
                 c:\program files (x86)\microsoft visual studio 12.0\vc\include\ostream(699): or       'std::basic_ostream<char,std::char_traits<char>> &std::operator <<<char,std::char_traits<char>>(std::basic_ostream<char,std::char_traits<char>> &,const char *)'
                 while trying to match the argument list '(std::ostream, Complex)'
     1>Done Building Project "E:\Program\Data Structure\linked_List\ComplexNumberLinkedList\ComplexNumberLinkedList\ComplexNumberLinkedList.vcxproj" (Build target(s)) -- FAILED.

Build FAILED.

Time Elapsed 00:00:00.81
